================================================================================
EXPERIMENT 1: Real Evaluation (No Data Leakage)
================================================================================

Loaded 10 missions

Evaluating 10 missions (SCENARIO MODE)

[3/5] Running evaluations...
python : Traceback (most recent call last):
所在位置 行:1 字符: 51
+ ... p\llm_debate\experiments; python exp1_real_evaluation.py 2>&1 | Out-F ...
+                               ~~~~~~~~~~~~~~~~~~~~~~~~~~~~~~~~~~~
    + CategoryInfo          : NotSpecified: (Traceback (most recent call last)::String) [], RemoteException
    + FullyQualifiedErrorId : NativeCommandError
 
  File "C:\Users\kevin\Desktop\llm_debate\experiments\exp1_real_evaluation.py", line 1937, in <module>
    main()
    ~~~~^^
  File "C:\Users\kevin\Desktop\llm_debate\experiments\exp1_real_evaluation.py", line 1753, in main
    print("\n\U0001f4ca Starting Web Dashboard Service...")
    ~~~~~^^^^^^^^^^^^^^^^^^^^^^^^^^^^^^^^^^^^^^^^^^
UnicodeEncodeError: 'gbk' codec can't encode character '\U0001f4ca' in position 2: illegal multibyte sequence
